# JRE version: OpenJDK Runtime Environment (8.0_152-b01) (build 1.8.0_152-release-1343-b01)
# Java VM: OpenJDK 64-Bit Server VM (25.152-b01 mixed mode windows-amd64 compressed oops)
Heap:
 PSYoungGen      total 393728K, used 24067K [0x00000000e0000000, 0x0000000100000000, 0x0000000100000000)
  eden space 262656K, 8% used [0x00000000e0000000,0x00000000e154ceb0,0x00000000f0080000)
  from space 131072K, 1% used [0x00000000f8000000,0x00000000f8234010,0x0000000100000000)
  to   space 130560K, 0% used [0x00000000f0080000,0x00000000f0080000,0x00000000f8000000)
 ParOldGen       total 419840K, used 280175K [0x00000000a0000000, 0x00000000b9a00000, 0x00000000e0000000)
  object space 419840K, 66% used [0x00000000a0000000,0x00000000b119bde8,0x00000000b9a00000)
 Metaspace       used 166094K, capacity 175662K, committed 182144K, reserved 1208320K
  class space    used 20352K, capacity 22023K, committed 23680K, reserved 1048576K
GC Heap History (10 events):
Event: 8610.319 GC heap before
{Heap before GC invocations=107 (full 7):
 PSYoungGen      total 279552K, used 279326K [0x00000000e0000000, 0x00000000ff880000, 0x0000000100000000)
  eden space 244224K, 100% used [0x00000000e0000000,0x00000000eee80000,0x00000000eee80000)
  from space 35328K, 99% used [0x00000000eee80000,0x00000000f10c7838,0x00000000f1100000)
  to   space 136192K, 0% used [0x00000000f7380000,0x00000000f7380000,0x00000000ff880000)
 ParOldGen       total 419840K, used 175177K [0x00000000a0000000, 0x00000000b9a00000, 0x00000000e0000000)
  object space 419840K, 41% used [0x00000000a0000000,0x00000000aab12618,0x00000000b9a00000)
 Metaspace       used 166038K, capacity 175598K, committed 182144K, reserved 1208320K
  class space    used 20352K, capacity 22023K, committed 23680K, reserved 1048576K
Event: 8610.352 GC heap after
Heap after GC invocations=107 (full 7):
 PSYoungGen      total 387072K, used 49528K [0x00000000e0000000, 0x0000000100000000, 0x0000000100000000)
  eden space 250880K, 0% used [0x00000000e0000000,0x00000000e0000000,0x00000000ef500000)
  from space 136192K, 36% used [0x00000000f7380000,0x00000000fa3de088,0x00000000ff880000)
  to   space 129536K, 0% used [0x00000000ef500000,0x00000000ef500000,0x00000000f7380000)
 ParOldGen       total 419840K, used 175177K [0x00000000a0000000, 0x00000000b9a00000, 0x00000000e0000000)
  object space 419840K, 41% used [0x00000000a0000000,0x00000000aab12618,0x00000000b9a00000)
 Metaspace       used 166038K, capacity 175598K, committed 182144K, reserved 1208320K
  class space    used 20352K, capacity 22023K, committed 23680K, reserved 1048576K
}
Event: 8611.928 GC heap before
{Heap before GC invocations=108 (full 7):
 PSYoungGen      total 387072K, used 300408K [0x00000000e0000000, 0x0000000100000000, 0x0000000100000000)
  eden space 250880K, 100% used [0x00000000e0000000,0x00000000ef500000,0x00000000ef500000)
  from space 136192K, 36% used [0x00000000f7380000,0x00000000fa3de088,0x00000000ff880000)
  to   space 129536K, 0% used [0x00000000ef500000,0x00000000ef500000,0x00000000f7380000)
 ParOldGen       total 419840K, used 175180K [0x00000000a0000000, 0x00000000b9a00000, 0x00000000e0000000)
  object space 419840K, 41% used [0x00000000a0000000,0x00000000aab13000,0x00000000b9a00000)
 Metaspace       used 166041K, capacity 175598K, committed 182144K, reserved 1208320K
  class space    used 20352K, capacity 22023K, committed 23680K, reserved 1048576K
Event: 8612.140 GC heap after
Heap after GC invocations=108 (full 7):
 PSYoungGen      total 380416K, used 73859K [0x00000000e0000000, 0x00000000ff780000, 0x0000000100000000)
  eden space 250880K, 0% used [0x00000000e0000000,0x00000000e0000000,0x00000000ef500000)
  from space 129536K, 57% used [0x00000000ef500000,0x00000000f3d20e80,0x00000000f7380000)
  to   space 128512K, 0% used [0x00000000f7a00000,0x00000000f7a00000,0x00000000ff780000)
 ParOldGen       total 419840K, used 219726K [0x00000000a0000000, 0x00000000b9a00000, 0x00000000e0000000)
  object space 419840K, 52% used [0x00000000a0000000,0x00000000ad693be0,0x00000000b9a00000)
 Metaspace       used 166041K, capacity 175598K, committed 182144K, reserved 1208320K
  class space    used 20352K, capacity 22023K, committed 23680K, reserved 1048576K
}
Event: 8612.609 GC heap before
{Heap before GC invocations=109 (full 7):
 PSYoungGen      total 380416K, used 324739K [0x00000000e0000000, 0x00000000ff780000, 0x0000000100000000)
  eden space 250880K, 100% used [0x00000000e0000000,0x00000000ef500000,0x00000000ef500000)
  from space 129536K, 57% used [0x00000000ef500000,0x00000000f3d20e80,0x00000000f7380000)
  to   space 128512K, 0% used [0x00000000f7a00000,0x00000000f7a00000,0x00000000ff780000)
 ParOldGen       total 419840K, used 219726K [0x00000000a0000000, 0x00000000b9a00000, 0x00000000e0000000)
  object space 419840K, 52% used [0x00000000a0000000,0x00000000ad693be0,0x00000000b9a00000)
 Metaspace       used 166049K, capacity 175598K, committed 182144K, reserved 1208320K
  class space    used 20352K, capacity 22023K, committed 23680K, reserved 1048576K
Event: 8612.643 GC heap after
Heap after GC invocations=109 (full 7):
 PSYoungGen      total 385536K, used 8243K [0x00000000e0000000, 0x0000000100000000, 0x0000000100000000)
  eden space 257024K, 0% used [0x00000000e0000000,0x00000000e0000000,0x00000000efb00000)
  from space 128512K, 6% used [0x00000000f7a00000,0x00000000f820cce0,0x00000000ff780000)
  to   space 130048K, 0% used [0x00000000efb00000,0x00000000efb00000,0x00000000f7a00000)
 ParOldGen       total 419840K, used 274120K [0x00000000a0000000, 0x00000000b9a00000, 0x00000000e0000000)
  object space 419840K, 65% used [0x00000000a0000000,0x00000000b0bb2188,0x00000000b9a00000)
 Metaspace       used 166049K, capacity 175598K, committed 182144K, reserved 1208320K
  class space    used 20352K, capacity 22023K, committed 23680K, reserved 1048576K
}
Event: 8613.285 GC heap before
{Heap before GC invocations=110 (full 7):
 PSYoungGen      total 385536K, used 265267K [0x00000000e0000000, 0x0000000100000000, 0x0000000100000000)
  eden space 257024K, 100% used [0x00000000e0000000,0x00000000efb00000,0x00000000efb00000)
  from space 128512K, 6% used [0x00000000f7a00000,0x00000000f820cce0,0x00000000ff780000)
  to   space 130048K, 0% used [0x00000000efb00000,0x00000000efb00000,0x00000000f7a00000)
 ParOldGen       total 419840K, used 274120K [0x00000000a0000000, 0x00000000b9a00000, 0x00000000e0000000)
  object space 419840K, 65% used [0x00000000a0000000,0x00000000b0bb2188,0x00000000b9a00000)
 Metaspace       used 166060K, capacity 175662K, committed 182144K, reserved 1208320K
  class space    used 20352K, capacity 22023K, committed 23680K, reserved 1048576K
Event: 8613.338 GC heap after
Heap after GC invocations=110 (full 7):
 PSYoungGen      total 387072K, used 4228K [0x00000000e0000000, 0x0000000100000000, 0x0000000100000000)
  eden space 257024K, 0% used [0x00000000e0000000,0x00000000e0000000,0x00000000efb00000)
  from space 130048K, 3% used [0x00000000efb00000,0x00000000eff21030,0x00000000f7a00000)
  to   space 131072K, 0% used [0x00000000f8000000,0x00000000f8000000,0x0000000100000000)
 ParOldGen       total 419840K, used 279036K [0x00000000a0000000, 0x00000000b9a00000, 0x00000000e0000000)
  object space 419840K, 66% used [0x00000000a0000000,0x00000000b107f3f8,0x00000000b9a00000)
 Metaspace       used 166060K, capacity 175662K, committed 182144K, reserved 1208320K
  class space    used 20352K, capacity 22023K, committed 23680K, reserved 1048576K
}
Event: 8615.273 GC heap before
{Heap before GC invocations=111 (full 7):
 PSYoungGen      total 387072K, used 261252K [0x00000000e0000000, 0x0000000100000000, 0x0000000100000000)
  eden space 257024K, 100% used [0x00000000e0000000,0x00000000efb00000,0x00000000efb00000)
  from space 130048K, 3% used [0x00000000efb00000,0x00000000eff21030,0x00000000f7a00000)
  to   space 131072K, 0% used [0x00000000f8000000,0x00000000f8000000,0x0000000100000000)
 ParOldGen       total 419840K, used 279036K [0x00000000a0000000, 0x00000000b9a00000, 0x00000000e0000000)
  object space 419840K, 66% used [0x00000000a0000000,0x00000000b107f3f8,0x00000000b9a00000)
 Metaspace       used 166078K, capacity 175662K, committed 182144K, reserved 1208320K
  class space    used 20352K, capacity 22023K, committed 23680K, reserved 1048576K
Event: 8615.312 GC heap after
Heap after GC invocations=111 (full 7):
 PSYoungGen      total 393728K, used 2256K [0x00000000e0000000, 0x0000000100000000, 0x0000000100000000)
  eden space 262656K, 0% used [0x00000000e0000000,0x00000000e0000000,0x00000000f0080000)
  from space 131072K, 1% used [0x00000000f8000000,0x00000000f8234010,0x0000000100000000)
  to   space 130560K, 0% used [0x00000000f0080000,0x00000000f0080000,0x00000000f8000000)
 ParOldGen       total 419840K, used 280175K [0x00000000a0000000, 0x00000000b9a00000, 0x00000000e0000000)
  object space 419840K, 66% used [0x00000000a0000000,0x00000000b119bde8,0x00000000b9a00000)
 Metaspace       used 166078K, capacity 175662K, committed 182144K, reserved 1208320K
  class space    used 20352K, capacity 22023K, committed 23680K, reserved 1048576K
}

